<?xml version="1.0" encoding="UTF-8"?>
<testsuite xmlns:xsi="http://www.w3.org/2001/XMLSchema-instance" xsi:noNamespaceSchemaLocation="https://maven.apache.org/surefire/maven-surefire-plugin/xsd/surefire-test-report.xsd" name="TestSuite" time="66.018" tests="23" errors="0" skipped="0" failures="2">
  <properties>
[...]
</properties>
  <testcase name="Create_Comment_Successful" classname="CommentsTests" time="18.469"/>
  <testcase name="Create_Post_Successful" classname="PostTests" time="0"/>
  <testcase name="Create_Post_UnSuccessful" classname="PostTests" time="2.011"/>
  <testcase name="Create_Comment_UnSuccessful" classname="CommentsTests" time="3.778"/>
  <testcase name="Delete_Post_Successful" classname="PostTests" time="1.884"/>
  <testcase name="Delete_Post_UnSuccessful" classname="PostTests" time="2.632"/>
  <testcase name="Delete_Comment_Successful" classname="CommentsTests" time="0.61"/>
  <testcase name="Delete_Comment_UnSuccessful" classname="CommentsTests" time="0.918"/>
  <testcase name="Test_GET_Invalid_Post" classname="PostTests" time="0"/>
  <testcase name="Test_GET_Post" classname="PostTests" time="8.765"/>
  <testcase name="Test_GET_Comment" classname="CommentsTests" time="3.729"/>
  <testcase name="Test_GET_Posts" classname="PostTests" time="6.357"/>
  <testcase name="Test_GET_Comments" classname="CommentsTests" time="0.047"/>
  <testcase name="Test_GET_Comments_Invalid" classname="CommentsTests" time="0.102"/>
  <testcase name="Test_GET_Posts_Invalid" classname="PostTests" time="0.067"/>
  <testcase name="Test_GET_Invalid_Comment" classname="CommentsTests" time="0.058"/>
  <testcase name="Update_Invalid_Post" classname="PostTests" time="0.651">
    <failure message="1 expectation failed.&#10;Expected status code &lt;406&gt; but was &lt;200&gt;.&#10;" type="java.lang.AssertionError"><![CDATA[java.lang.AssertionError: 
1 expectation failed.
Expected status code <406> but was <200>.

	at PostTests.Update_Invalid_Post(PostTests.java:150)
]]></failure>
    <system-out><![CDATA[HTTP/1.1 200 OK
Server: Cowboy
Connection: keep-alive
Access-Control-Allow-Credentials: true
Access-Control-Allow-Headers: X-Requested-With, Content-Type, Origin, Authorization, Accept, Client-Security-Token, Accept-Encoding, x-access-token
Access-Control-Allow-Methods: POST, GET, OPTIONS, PUT, DELETE, UPDATE
Access-Control-Allow-Origin: http://localhost
Access-Control-Expose-Headers: Content-Length
Access-Control-Max-Age: 86400
Content-Encoding: gzip
Content-Type: application/json; charset=utf-8
Vary: Accept-Encoding
X-Request-Id: fd3b5156-8dac-4812-894f-2009cb382e34
Date: Fri, 20 Aug 2021 01:14:29 GMT
Content-Length: 50
Via: 1.1 vegur

{
    "message": "Post updated"
}
]]></system-out>
  </testcase>
  <testcase name="Update_Post" classname="PostTests" time="3.474"/>
  <testcase name="Update_Comment" classname="CommentsTests" time="0.429"/>
  <testcase name="Update_Invalid_Comment" classname="CommentsTests" time="0.735">
    <failure message="1 expectation failed.&#10;Expected status code &lt;406&gt; but was &lt;200&gt;.&#10;" type="java.lang.AssertionError"><![CDATA[java.lang.AssertionError: 
1 expectation failed.
Expected status code <406> but was <200>.

	at CommentsTests.Update_Invalid_Comment(CommentsTests.java:173)
]]></failure>
    <system-out><![CDATA[HTTP/1.1 200 OK
Server: Cowboy
Connection: keep-alive
Access-Control-Allow-Credentials: true
Access-Control-Allow-Headers: X-Requested-With, Content-Type, Origin, Authorization, Accept, Client-Security-Token, Accept-Encoding, x-access-token
Access-Control-Allow-Methods: POST, GET, OPTIONS, PUT, DELETE, UPDATE
Access-Control-Allow-Origin: http://localhost
Access-Control-Expose-Headers: Content-Length
Access-Control-Max-Age: 86400
Content-Encoding: gzip
Content-Type: application/json; charset=utf-8
Vary: Accept-Encoding
X-Request-Id: d664e080-136e-4cf5-9ac3-023d42ca7712
Date: Fri, 20 Aug 2021 01:14:34 GMT
Content-Length: 53
Via: 1.1 vegur

{
    "message": "Comment updated"
}
]]></system-out>
  </testcase>
  <testcase name="createPost" classname="PostTests" time="0.351"/>
  <testcase name="createComment" classname="CommentsTests" time="2.244"/>
  <testcase name="createPost" classname="CommentsTests" time="1.532"/>
</testsuite>